<?xml version="1.0" encoding="UTF-8"?>
<robot generator="Robot 3.2.2 (Python 3.8.6rc1 on win32)" generated="20201022 16:43:51.223" rpa="false">
<suite id="s1" name="TestCases" source="C:\Users\vatty\Desktop\Interview Preparation\RobotAutomation\TestCases">
<suite id="s1-s1" name="Practise" source="C:\Users\vatty\Desktop\Interview Preparation\RobotAutomation\TestCases\Practise.robot">
<test id="s1-s1-t1" name="testcase1">
<kw name="Start Browser and Maximize" library="UserDefined_Keywords" type="setup">
<doc>This Keyword is defined to merge the Open Browser and Maximize Browser</doc>
<kw name="Open Browser" library="SeleniumLibrary">
<doc>Opens a new browser instance to the optional ``url``.</doc>
<arguments>
<arg>${URL}</arg>
<arg>${Browser}</arg>
</arguments>
<msg timestamp="20201022 16:43:51.432" level="INFO">Opening browser 'Firefox' to base url 'https://www.thetestingworld.com/testings/'.</msg>
<msg timestamp="20201022 16:43:51.433" level="INFO">Firefox driver log is always forced to to: C:\Users\vatty\Desktop\Interview Preparation\RobotAutomation\geckodriver-1.log</msg>
<status status="PASS" starttime="20201022 16:43:51.432" endtime="20201022 16:43:58.858"></status>
</kw>
<kw name="Maximize Browser Window" library="SeleniumLibrary">
<doc>Maximizes current browser window.</doc>
<status status="PASS" starttime="20201022 16:43:58.858" endtime="20201022 16:43:58.861"></status>
</kw>
<kw name="Get Title" library="SeleniumLibrary">
<doc>Returns the title of the current page.</doc>
<assign>
<var>${PageTitle}</var>
</assign>
<msg timestamp="20201022 16:43:58.863" level="INFO">${PageTitle} = Login &amp; Sign Up Forms</msg>
<status status="PASS" starttime="20201022 16:43:58.861" endtime="20201022 16:43:58.863"></status>
</kw>
<status status="PASS" starttime="20201022 16:43:51.432" endtime="20201022 16:43:58.863"></status>
</kw>
<kw name="Create Folder At Runtime" library="UserDefined_Keywords">
<kw name="Log" library="BuiltIn">
<doc>Logs the given message with the given level.</doc>
<arguments>
<arg>Creating a Folder and subFolder</arg>
</arguments>
<msg timestamp="20201022 16:43:58.864" level="INFO">Creating a Folder and subFolder</msg>
<status status="PASS" starttime="20201022 16:43:58.864" endtime="20201022 16:43:58.864"></status>
</kw>
<kw name="Create Folder" library="UserKeywords">
<msg timestamp="20201022 16:43:58.870" level="FAIL">FileExistsError: [WinError 183] Cannot create a file when that file already exists: 'C:\\Users\\vatty\\Desktop\\Interview Preparation\\RobotAutomation\\NewFolderAuto'</msg>
<status status="FAIL" starttime="20201022 16:43:58.864" endtime="20201022 16:43:58.870"></status>
</kw>
<status status="FAIL" starttime="20201022 16:43:58.863" endtime="20201022 16:43:58.871"></status>
</kw>
<kw name="Close" library="UserDefined_Keywords" type="teardown">
<kw name="Get Title" library="SeleniumLibrary">
<doc>Returns the title of the current page.</doc>
<assign>
<var>${ttl}</var>
</assign>
<msg timestamp="20201022 16:43:58.879" level="INFO">${ttl} = Login &amp; Sign Up Forms</msg>
<status status="PASS" starttime="20201022 16:43:58.872" endtime="20201022 16:43:58.879"></status>
</kw>
<kw name="Log" library="BuiltIn">
<doc>Logs the given message with the given level.</doc>
<arguments>
<arg>${ttl}</arg>
</arguments>
<msg timestamp="20201022 16:43:58.879" level="INFO">Login &amp; Sign Up Forms</msg>
<status status="PASS" starttime="20201022 16:43:58.879" endtime="20201022 16:43:58.879"></status>
</kw>
<kw name="Close All Browsers" library="SeleniumLibrary">
<doc>Closes all open browsers and resets the browser cache.</doc>
<status status="PASS" starttime="20201022 16:43:58.879" endtime="20201022 16:43:59.617"></status>
</kw>
<status status="PASS" starttime="20201022 16:43:58.872" endtime="20201022 16:43:59.618"></status>
</kw>
<status status="FAIL" starttime="20201022 16:43:51.431" endtime="20201022 16:43:59.618" critical="yes">FileExistsError: [WinError 183] Cannot create a file when that file already exists: 'C:\\Users\\vatty\\Desktop\\Interview Preparation\\RobotAutomation\\NewFolderAuto'</status>
</test>
<status status="FAIL" starttime="20201022 16:43:51.249" endtime="20201022 16:43:59.620"></status>
</suite>
<suite id="s1-s2" name="Practise 2" source="C:\Users\vatty\Desktop\Interview Preparation\RobotAutomation\TestCases\Practise_2.robot">
<test id="s1-s2-t1" name="TestPractise">
<kw name="Open Browser" library="SeleniumLibrary">
<doc>Opens a new browser instance to the optional ``url``.</doc>
<arguments>
<arg>${URL}</arg>
<arg>${Browser}</arg>
</arguments>
<msg timestamp="20201022 16:43:59.625" level="INFO">Opening browser 'Firefox' to base url 'https://www.thetestingworld.com'.</msg>
<msg timestamp="20201022 16:43:59.626" level="INFO">Firefox driver log is always forced to to: C:\Users\vatty\Desktop\Interview Preparation\RobotAutomation\geckodriver-2.log</msg>
<status status="PASS" starttime="20201022 16:43:59.625" endtime="20201022 16:44:08.611"></status>
</kw>
<kw name="Maximize Browser Window" library="SeleniumLibrary">
<doc>Maximizes current browser window.</doc>
<status status="PASS" starttime="20201022 16:44:08.611" endtime="20201022 16:44:08.625"></status>
</kw>
<kw name="Execute Javascript" library="SeleniumLibrary">
<doc>Executes the given JavaScript code with possible arguments.</doc>
<arguments>
<arg>window.scrollTo(0,1000)</arg>
</arguments>
<msg timestamp="20201022 16:44:08.625" level="INFO">Executing JavaScript:
window.scrollTo(0,1000)
Without any arguments.</msg>
<status status="PASS" starttime="20201022 16:44:08.625" endtime="20201022 16:44:08.654"></status>
</kw>
<kw name="Sleep" library="BuiltIn">
<doc>Pauses the test executed for the given time.</doc>
<arguments>
<arg>3 seconds</arg>
</arguments>
<msg timestamp="20201022 16:44:11.667" level="INFO">Slept 3 seconds</msg>
<status status="PASS" starttime="20201022 16:44:08.654" endtime="20201022 16:44:11.667"></status>
</kw>
<kw name="Execute Javascript" library="SeleniumLibrary">
<doc>Executes the given JavaScript code with possible arguments.</doc>
<arguments>
<arg>window.scrollTo(0,0)</arg>
</arguments>
<msg timestamp="20201022 16:44:11.668" level="INFO">Executing JavaScript:
window.scrollTo(0,0)
Without any arguments.</msg>
<status status="PASS" starttime="20201022 16:44:11.668" endtime="20201022 16:44:11.675"></status>
</kw>
<kw name="Sleep" library="BuiltIn">
<doc>Pauses the test executed for the given time.</doc>
<arguments>
<arg>3 seconds</arg>
</arguments>
<msg timestamp="20201022 16:44:14.676" level="INFO">Slept 3 seconds</msg>
<status status="PASS" starttime="20201022 16:44:11.676" endtime="20201022 16:44:14.677"></status>
</kw>
<kw name="Mouse Over" library="SeleniumLibrary">
<doc>Simulates hovering the mouse over the element ``locator``.</doc>
<arguments>
<arg>xpath://span[contains(text(),'TUTORIAL')]</arg>
</arguments>
<msg timestamp="20201022 16:44:14.679" level="INFO">Simulating Mouse Over on element 'xpath://span[contains(text(),'TUTORIAL')]'.</msg>
<status status="PASS" starttime="20201022 16:44:14.679" endtime="20201022 16:44:14.997"></status>
</kw>
<kw name="Mouse Over" library="SeleniumLibrary">
<doc>Simulates hovering the mouse over the element ``locator``.</doc>
<arguments>
<arg>xpath://span[contains(text(),'FUNCTIONAL AUTOMATION')]</arg>
</arguments>
<msg timestamp="20201022 16:44:14.998" level="INFO">Simulating Mouse Over on element 'xpath://span[contains(text(),'FUNCTIONAL AUTOMATION')]'.</msg>
<status status="PASS" starttime="20201022 16:44:14.998" endtime="20201022 16:44:15.287"></status>
</kw>
<kw name="Sleep" library="BuiltIn">
<doc>Pauses the test executed for the given time.</doc>
<arguments>
<arg>3 seconds</arg>
</arguments>
<msg timestamp="20201022 16:44:18.290" level="INFO">Slept 3 seconds</msg>
<status status="PASS" starttime="20201022 16:44:15.288" endtime="20201022 16:44:18.291"></status>
</kw>
<kw name="Click Element" library="SeleniumLibrary">
<doc>Click the element identified by ``locator``.</doc>
<arguments>
<arg>css:[title='Selenium with Java'] .menu-title</arg>
</arguments>
<msg timestamp="20201022 16:44:18.295" level="INFO">Clicking element 'css:[title='Selenium with Java'] .menu-title'.</msg>
<status status="PASS" starttime="20201022 16:44:18.294" endtime="20201022 16:44:19.368"></status>
</kw>
<kw name="Sleep" library="BuiltIn">
<doc>Pauses the test executed for the given time.</doc>
<arguments>
<arg>2</arg>
</arguments>
<msg timestamp="20201022 16:44:21.376" level="INFO">Slept 2 seconds</msg>
<status status="PASS" starttime="20201022 16:44:19.369" endtime="20201022 16:44:21.377"></status>
</kw>
<kw name="Click Element" library="SeleniumLibrary">
<doc>Click the element identified by ``locator``.</doc>
<arguments>
<arg>xpath://a[contains(text(),'Login')]</arg>
</arguments>
<msg timestamp="20201022 16:44:21.379" level="INFO">Clicking element 'xpath://a[contains(text(),'Login')]'.</msg>
<status status="PASS" starttime="20201022 16:44:21.379" endtime="20201022 16:44:22.359"></status>
</kw>
<kw name="Press Key" library="SeleniumLibrary">
<doc>*DEPRECATED in SeleniumLibrary 4.0.* use `Press Keys` instead.</doc>
<arguments>
<arg>name:username</arg>
<arg>hello</arg>
</arguments>
<msg timestamp="20201022 16:44:22.360" level="WARN">Keyword 'SeleniumLibrary.Press Key' is deprecated. use `Press Keys` instead.</msg>
<status status="PASS" starttime="20201022 16:44:22.360" endtime="20201022 16:44:22.475"></status>
</kw>
<kw name="Press Key" library="SeleniumLibrary">
<doc>*DEPRECATED in SeleniumLibrary 4.0.* use `Press Keys` instead.</doc>
<arguments>
<arg>xpath://button[@type='submit']</arg>
<arg>\\13</arg>
</arguments>
<msg timestamp="20201022 16:44:22.475" level="WARN">Keyword 'SeleniumLibrary.Press Key' is deprecated. use `Press Keys` instead.</msg>
<status status="PASS" starttime="20201022 16:44:22.475" endtime="20201022 16:44:22.526"></status>
</kw>
<kw name="Sleep" library="BuiltIn">
<doc>Pauses the test executed for the given time.</doc>
<arguments>
<arg>2</arg>
</arguments>
<msg timestamp="20201022 16:44:24.529" level="INFO">Slept 2 seconds</msg>
<status status="PASS" starttime="20201022 16:44:22.526" endtime="20201022 16:44:24.529"></status>
</kw>
<kw name="w">
<msg timestamp="20201022 16:44:24.540" level="FAIL">No keyword with name 'w' found.</msg>
<status status="FAIL" starttime="20201022 16:44:24.540" endtime="20201022 16:44:24.540"></status>
</kw>
<status status="FAIL" starttime="20201022 16:43:59.624" endtime="20201022 16:44:24.542" critical="yes">No keyword with name 'w' found.</status>
</test>
<status status="FAIL" starttime="20201022 16:43:59.621" endtime="20201022 16:44:24.547"></status>
</suite>
<suite id="s1-s3" name="SetupandTearDown" source="C:\Users\vatty\Desktop\Interview Preparation\RobotAutomation\TestCases\SetupandTearDown.robot">
<test id="s1-s3-t1" name="Testcase1">
<kw name="Start Browser and Maximize" library="UserDefined_Keywords" type="setup">
<doc>This Keyword is defined to merge the Open Browser and Maximize Browser</doc>
<kw name="Open Browser" library="SeleniumLibrary">
<doc>Opens a new browser instance to the optional ``url``.</doc>
<arguments>
<arg>${URL}</arg>
<arg>${Browser}</arg>
</arguments>
<msg timestamp="20201022 16:44:24.560" level="INFO">Opening browser 'Firefox' to base url 'https://www.thetestingworld.com/testings/'.</msg>
<msg timestamp="20201022 16:44:24.561" level="INFO">Firefox driver log is always forced to to: C:\Users\vatty\Desktop\Interview Preparation\RobotAutomation\geckodriver-3.log</msg>
<status status="PASS" starttime="20201022 16:44:24.560" endtime="20201022 16:44:31.682"></status>
</kw>
<kw name="Maximize Browser Window" library="SeleniumLibrary">
<doc>Maximizes current browser window.</doc>
<status status="PASS" starttime="20201022 16:44:31.682" endtime="20201022 16:44:31.696"></status>
</kw>
<kw name="Get Title" library="SeleniumLibrary">
<doc>Returns the title of the current page.</doc>
<assign>
<var>${PageTitle}</var>
</assign>
<msg timestamp="20201022 16:44:31.702" level="INFO">${PageTitle} = Login &amp; Sign Up Forms</msg>
<status status="PASS" starttime="20201022 16:44:31.696" endtime="20201022 16:44:31.702"></status>
</kw>
<status status="PASS" starttime="20201022 16:44:24.560" endtime="20201022 16:44:31.702"></status>
</kw>
<kw name="Element Text Should Be" library="SeleniumLibrary">
<doc>Verifies that element ``locator`` contains exact the text ``expected``.</doc>
<arguments>
<arg>xpath://div[@id="tab-content1"]/p</arg>
<arg>Register now and kick start your career as a Software Testing Pro!</arg>
</arguments>
<msg timestamp="20201022 16:44:31.703" level="INFO">Verifying element 'xpath://div[@id="tab-content1"]/p' contains exact text 'Register now and kick start your career as a Software Testing Pro!'.</msg>
<status status="PASS" starttime="20201022 16:44:31.703" endtime="20201022 16:44:31.727"></status>
</kw>
<kw name="Capture Element Screenshot" library="SeleniumLibrary">
<doc>Captures a screenshot from the element identified by ``locator`` and embeds it into log file.</doc>
<arguments>
<arg>xpath://div[@id="tab-content1"]/p</arg>
</arguments>
<msg timestamp="20201022 16:44:31.748" level="INFO" html="yes">&lt;/td&gt;&lt;/tr&gt;&lt;tr&gt;&lt;td colspan="3"&gt;&lt;a href="selenium-element-screenshot-1.png"&gt;&lt;img src="selenium-element-screenshot-1.png" width="400px"&gt;&lt;/a&gt;</msg>
<status status="PASS" starttime="20201022 16:44:31.728" endtime="20201022 16:44:31.748"></status>
</kw>
<kw name="Input Text" library="SeleniumLibrary">
<doc>Types the given ``text`` into the text field identified by ``locator``.</doc>
<arguments>
<arg>name:fld_username</arg>
<arg>Success</arg>
</arguments>
<msg timestamp="20201022 16:44:31.749" level="INFO">Typing text 'Success' into text field 'name:fld_username'.</msg>
<status status="PASS" starttime="20201022 16:44:31.748" endtime="20201022 16:44:31.804"></status>
</kw>
<kw name="Close" library="UserDefined_Keywords" type="teardown">
<kw name="Get Title" library="SeleniumLibrary">
<doc>Returns the title of the current page.</doc>
<assign>
<var>${ttl}</var>
</assign>
<msg timestamp="20201022 16:44:31.820" level="INFO">${ttl} = Login &amp; Sign Up Forms</msg>
<status status="PASS" starttime="20201022 16:44:31.805" endtime="20201022 16:44:31.820"></status>
</kw>
<kw name="Log" library="BuiltIn">
<doc>Logs the given message with the given level.</doc>
<arguments>
<arg>${ttl}</arg>
</arguments>
<msg timestamp="20201022 16:44:31.820" level="INFO">Login &amp; Sign Up Forms</msg>
<status status="PASS" starttime="20201022 16:44:31.820" endtime="20201022 16:44:31.820"></status>
</kw>
<kw name="Close All Browsers" library="SeleniumLibrary">
<doc>Closes all open browsers and resets the browser cache.</doc>
<status status="PASS" starttime="20201022 16:44:31.820" endtime="20201022 16:44:33.322"></status>
</kw>
<status status="PASS" starttime="20201022 16:44:31.805" endtime="20201022 16:44:33.322"></status>
</kw>
<doc>This Testcase is used to test the user defined Keyword with return value</doc>
<tags>
<tag>Regression</tag>
</tags>
<status status="PASS" starttime="20201022 16:44:24.559" endtime="20201022 16:44:33.322" critical="yes"></status>
</test>
<test id="s1-s3-t2" name="Testcase2">
<kw name="Start Browser and Maximize" library="UserDefined_Keywords" type="setup">
<doc>This Keyword is defined to merge the Open Browser and Maximize Browser</doc>
<kw name="Open Browser" library="SeleniumLibrary">
<doc>Opens a new browser instance to the optional ``url``.</doc>
<arguments>
<arg>${URL}</arg>
<arg>${Browser}</arg>
</arguments>
<msg timestamp="20201022 16:44:33.322" level="INFO">Opening browser 'Firefox' to base url 'https://www.thetestingworld.com/testings/'.</msg>
<msg timestamp="20201022 16:44:33.322" level="INFO">Firefox driver log is always forced to to: C:\Users\vatty\Desktop\Interview Preparation\RobotAutomation\geckodriver-4.log</msg>
<status status="PASS" starttime="20201022 16:44:33.322" endtime="20201022 16:44:40.692"></status>
</kw>
<kw name="Maximize Browser Window" library="SeleniumLibrary">
<doc>Maximizes current browser window.</doc>
<status status="PASS" starttime="20201022 16:44:40.692" endtime="20201022 16:44:40.695"></status>
</kw>
<kw name="Get Title" library="SeleniumLibrary">
<doc>Returns the title of the current page.</doc>
<assign>
<var>${PageTitle}</var>
</assign>
<msg timestamp="20201022 16:44:40.697" level="INFO">${PageTitle} = Login &amp; Sign Up Forms</msg>
<status status="PASS" starttime="20201022 16:44:40.695" endtime="20201022 16:44:40.697"></status>
</kw>
<status status="PASS" starttime="20201022 16:44:33.322" endtime="20201022 16:44:40.697"></status>
</kw>
<kw name="Select Radio Button" library="SeleniumLibrary">
<doc>Sets the radio button group ``group_name`` to ``value``.</doc>
<arguments>
<arg>add_type</arg>
<arg>home</arg>
</arguments>
<msg timestamp="20201022 16:44:40.699" level="INFO">Selecting 'home' from radio button 'add_type'.</msg>
<status status="PASS" starttime="20201022 16:44:40.698" endtime="20201022 16:44:40.960"></status>
</kw>
<kw name="Select Radio Button" library="SeleniumLibrary">
<doc>Sets the radio button group ``group_name`` to ``value``.</doc>
<arguments>
<arg>add_type</arg>
<arg>office</arg>
</arguments>
<msg timestamp="20201022 16:44:40.961" level="INFO">Selecting 'office' from radio button 'add_type'.</msg>
<status status="PASS" starttime="20201022 16:44:40.961" endtime="20201022 16:44:41.210"></status>
</kw>
<kw name="Select From List By Value" library="SeleniumLibrary">
<doc>Selects options from selection list ``locator`` by ``values``.</doc>
<arguments>
<arg>country</arg>
<arg>12</arg>
</arguments>
<msg timestamp="20201022 16:44:41.213" level="INFO">Selecting options from selection list 'country' by value 12.</msg>
<status status="PASS" starttime="20201022 16:44:41.212" endtime="20201022 16:44:41.478"></status>
</kw>
<kw name="Sleep" library="BuiltIn">
<doc>Pauses the test executed for the given time.</doc>
<arguments>
<arg>8</arg>
</arguments>
<msg timestamp="20201022 16:44:49.483" level="INFO">Slept 8 seconds</msg>
<status status="PASS" starttime="20201022 16:44:41.480" endtime="20201022 16:44:49.484"></status>
</kw>
<kw name="Capture Page Screenshot" library="SeleniumLibrary">
<doc>Takes a screenshot of the current page and embeds it into a log file.</doc>
<msg timestamp="20201022 16:44:49.693" level="INFO" html="yes">&lt;/td&gt;&lt;/tr&gt;&lt;tr&gt;&lt;td colspan="3"&gt;&lt;a href="selenium-screenshot-1.png"&gt;&lt;img src="selenium-screenshot-1.png" width="800px"&gt;&lt;/a&gt;</msg>
<status status="PASS" starttime="20201022 16:44:49.484" endtime="20201022 16:44:49.693"></status>
</kw>
<kw name="Close" library="UserDefined_Keywords" type="teardown">
<kw name="Get Title" library="SeleniumLibrary">
<doc>Returns the title of the current page.</doc>
<assign>
<var>${ttl}</var>
</assign>
<msg timestamp="20201022 16:44:49.696" level="INFO">${ttl} = Login &amp; Sign Up Forms</msg>
<status status="PASS" starttime="20201022 16:44:49.694" endtime="20201022 16:44:49.696"></status>
</kw>
<kw name="Log" library="BuiltIn">
<doc>Logs the given message with the given level.</doc>
<arguments>
<arg>${ttl}</arg>
</arguments>
<msg timestamp="20201022 16:44:49.697" level="INFO">Login &amp; Sign Up Forms</msg>
<status status="PASS" starttime="20201022 16:44:49.696" endtime="20201022 16:44:49.697"></status>
</kw>
<kw name="Close All Browsers" library="SeleniumLibrary">
<doc>Closes all open browsers and resets the browser cache.</doc>
<status status="PASS" starttime="20201022 16:44:49.697" endtime="20201022 16:44:50.456"></status>
</kw>
<status status="PASS" starttime="20201022 16:44:49.694" endtime="20201022 16:44:50.456"></status>
</kw>
<doc>This is Second testcase</doc>
<tags>
<tag>Sanity</tag>
</tags>
<status status="PASS" starttime="20201022 16:44:33.322" endtime="20201022 16:44:50.457" critical="yes"></status>
</test>
<status status="PASS" starttime="20201022 16:44:24.551" endtime="20201022 16:44:50.458"></status>
</suite>
<suite id="s1-s4" name="Switch Tabs" source="C:\Users\vatty\Desktop\Interview Preparation\RobotAutomation\TestCases\Switch_Tabs.robot">
<test id="s1-s4-t1" name="Testcase1">
<kw name="Start Browser and Maximize" library="UserDefined_Keywords">
<doc>This Keyword is defined to merge the Open Browser and Maximize Browser</doc>
<arguments>
<arg>${URL}</arg>
<arg>${Browser}</arg>
</arguments>
<assign>
<var>${Res}</var>
</assign>
<msg timestamp="20201022 16:44:50.466" level="FAIL">Keyword 'UserDefined_Keywords.Start Browser and Maximize' expected 0 arguments, got 2.</msg>
<status status="FAIL" starttime="20201022 16:44:50.466" endtime="20201022 16:44:50.466"></status>
</kw>
<doc>This Testcase is used to test the user defined Keyword with return value</doc>
<tags>
<tag>Smoke</tag>
</tags>
<status status="FAIL" starttime="20201022 16:44:50.466" endtime="20201022 16:44:50.467" critical="yes">Keyword 'UserDefined_Keywords.Start Browser and Maximize' expected 0 arguments, got 2.</status>
</test>
<test id="s1-s4-t2" name="Testcase2">
<kw name="Log" library="BuiltIn">
<doc>Logs the given message with the given level.</doc>
<arguments>
<arg>THis is testcase2</arg>
</arguments>
<msg timestamp="20201022 16:44:50.471" level="INFO">THis is testcase2</msg>
<status status="PASS" starttime="20201022 16:44:50.470" endtime="20201022 16:44:50.471"></status>
</kw>
<tags>
<tag>Sanity</tag>
<tag>Smoke</tag>
</tags>
<status status="PASS" starttime="20201022 16:44:50.470" endtime="20201022 16:44:50.471" critical="yes"></status>
</test>
<status status="FAIL" starttime="20201022 16:44:50.461" endtime="20201022 16:44:50.475"></status>
</suite>
<suite id="s1-s5" name="Testcase 001" source="C:\Users\vatty\Desktop\Interview Preparation\RobotAutomation\TestCases\testcase_001.robot">
<test id="s1-s5-t1" name="Robot First Testcase">
<kw name="Open Browser" library="SeleniumLibrary">
<doc>Opens a new browser instance to the optional ``url``.</doc>
<arguments>
<arg>${URL}</arg>
<arg>${Browser}</arg>
</arguments>
<msg timestamp="20201022 16:44:50.502" level="INFO">Opening browser 'Firefox' to base url 'https://www.thetestingworld.com/testings/'.</msg>
<msg timestamp="20201022 16:44:50.504" level="INFO">Firefox driver log is always forced to to: C:\Users\vatty\Desktop\Interview Preparation\RobotAutomation\geckodriver-5.log</msg>
<status status="PASS" starttime="20201022 16:44:50.502" endtime="20201022 16:44:58.084"></status>
</kw>
<kw name="Maximize Browser Window" library="SeleniumLibrary">
<doc>Maximizes current browser window.</doc>
<status status="PASS" starttime="20201022 16:44:58.085" endtime="20201022 16:44:58.102"></status>
</kw>
<kw name="Input Text" library="SeleniumLibrary">
<doc>Types the given ``text`` into the text field identified by ``locator``.</doc>
<arguments>
<arg>name:fld_username</arg>
<arg>justteja</arg>
</arguments>
<msg timestamp="20201022 16:44:58.104" level="INFO">Typing text 'justteja' into text field 'name:fld_username'.</msg>
<status status="PASS" starttime="20201022 16:44:58.103" endtime="20201022 16:44:58.165"></status>
</kw>
<kw name="Input Text" library="SeleniumLibrary">
<doc>Types the given ``text`` into the text field identified by ``locator``.</doc>
<arguments>
<arg>xpath://input[@name='fld_email']</arg>
<arg>testing@123.com</arg>
</arguments>
<msg timestamp="20201022 16:44:58.166" level="INFO">Typing text 'testing@123.com' into text field 'xpath://input[@name='fld_email']'.</msg>
<status status="PASS" starttime="20201022 16:44:58.166" endtime="20201022 16:44:58.210"></status>
</kw>
<kw name="Select From List By Value" library="SeleniumLibrary">
<doc>Selects options from selection list ``locator`` by ``values``.</doc>
<arguments>
<arg>name:sex</arg>
<arg>2</arg>
</arguments>
<msg timestamp="20201022 16:44:58.211" level="INFO">Selecting options from selection list 'name:sex' by value 2.</msg>
<status status="PASS" starttime="20201022 16:44:58.210" endtime="20201022 16:44:58.462"></status>
</kw>
<kw name="Select From List By Index" library="SeleniumLibrary">
<doc>Selects options from selection list ``locator`` by ``indexes``.</doc>
<arguments>
<arg>name:sex</arg>
<arg>1</arg>
</arguments>
<msg timestamp="20201022 16:44:58.465" level="INFO">Selecting options from selection list 'name:sex' by index 1.</msg>
<status status="PASS" starttime="20201022 16:44:58.464" endtime="20201022 16:44:58.757"></status>
</kw>
<kw name="Select From List By Label" library="SeleniumLibrary">
<doc>Selects options from selection list ``locator`` by ``labels``.</doc>
<arguments>
<arg>name:sex</arg>
<arg>Female</arg>
</arguments>
<msg timestamp="20201022 16:44:58.760" level="INFO">Selecting options from selection list 'name:sex' by label Female.</msg>
<status status="PASS" starttime="20201022 16:44:58.759" endtime="20201022 16:44:59.023"></status>
</kw>
<kw name="Select Radio Button" library="SeleniumLibrary">
<doc>Sets the radio button group ``group_name`` to ``value``.</doc>
<arguments>
<arg>add_type</arg>
<arg>office</arg>
</arguments>
<msg timestamp="20201022 16:44:59.026" level="INFO">Selecting 'office' from radio button 'add_type'.</msg>
<status status="PASS" starttime="20201022 16:44:59.025" endtime="20201022 16:44:59.290"></status>
</kw>
<kw name="Select Checkbox" library="SeleniumLibrary">
<doc>Selects the checkbox identified by ``locator``.</doc>
<arguments>
<arg>terms</arg>
</arguments>
<msg timestamp="20201022 16:44:59.293" level="INFO">Selecting checkbox 'terms'.</msg>
<status status="PASS" starttime="20201022 16:44:59.292" endtime="20201022 16:44:59.555"></status>
</kw>
<kw name="Click Link" library="SeleniumLibrary">
<doc>Clicks a link identified by ``locator``.</doc>
<arguments>
<arg>xpath://a[contains(text(),'Read Detail')]</arg>
</arguments>
<msg timestamp="20201022 16:44:59.558" level="INFO">Clicking link 'xpath://a[contains(text(),'Read Detail')]'.</msg>
<status status="PASS" starttime="20201022 16:44:59.557" endtime="20201022 16:44:59.822"></status>
</kw>
<kw name="Switch Window" library="SeleniumLibrary">
<doc>Switches to browser window matching ``locator``.</doc>
<status status="PASS" starttime="20201022 16:44:59.823" endtime="20201022 16:44:59.841"></status>
</kw>
<kw name="Click Link" library="SeleniumLibrary">
<doc>Clicks a link identified by ``locator``.</doc>
<arguments>
<arg>xpath://a[contains(text(),'X')]</arg>
</arguments>
<msg timestamp="20201022 16:44:59.842" level="INFO">Clicking link 'xpath://a[contains(text(),'X')]'.</msg>
<status status="PASS" starttime="20201022 16:44:59.842" endtime="20201022 16:45:00.069"></status>
</kw>
<kw name="Switch Window" library="SeleniumLibrary">
<doc>Switches to browser window matching ``locator``.</doc>
<status status="PASS" starttime="20201022 16:45:00.071" endtime="20201022 16:45:00.076"></status>
</kw>
<kw name="Select From List By Label" library="SeleniumLibrary">
<doc>Selects options from selection list ``locator`` by ``labels``.</doc>
<arguments>
<arg>name:sex</arg>
<arg>Male</arg>
</arguments>
<msg timestamp="20201022 16:45:00.077" level="INFO">Selecting options from selection list 'name:sex' by label Male.</msg>
<status status="PASS" starttime="20201022 16:45:00.077" endtime="20201022 16:45:00.322"></status>
</kw>
<tags>
<tag>Regression</tag>
</tags>
<status status="PASS" starttime="20201022 16:44:50.501" endtime="20201022 16:45:00.322" critical="yes"></status>
</test>
<status status="PASS" starttime="20201022 16:44:50.478" endtime="20201022 16:45:00.324"></status>
</suite>
<status status="FAIL" starttime="20201022 16:43:51.225" endtime="20201022 16:45:00.327"></status>
</suite>
<statistics>
<total>
<stat pass="4" fail="3">Critical Tests</stat>
<stat pass="4" fail="3">All Tests</stat>
</total>
<tag>
<stat pass="2" fail="0">Regression</stat>
<stat pass="2" fail="0">Sanity</stat>
<stat pass="1" fail="1">Smoke</stat>
</tag>
<suite>
<stat pass="4" fail="3" id="s1" name="TestCases">TestCases</stat>
<stat pass="0" fail="1" id="s1-s1" name="Practise">TestCases.Practise</stat>
<stat pass="0" fail="1" id="s1-s2" name="Practise 2">TestCases.Practise 2</stat>
<stat pass="2" fail="0" id="s1-s3" name="SetupandTearDown">TestCases.SetupandTearDown</stat>
<stat pass="1" fail="1" id="s1-s4" name="Switch Tabs">TestCases.Switch Tabs</stat>
<stat pass="1" fail="0" id="s1-s5" name="Testcase 001">TestCases.Testcase 001</stat>
</suite>
</statistics>
<errors>
<msg timestamp="20201022 16:44:22.360" level="WARN">Keyword 'SeleniumLibrary.Press Key' is deprecated. use `Press Keys` instead.</msg>
<msg timestamp="20201022 16:44:22.475" level="WARN">Keyword 'SeleniumLibrary.Press Key' is deprecated. use `Press Keys` instead.</msg>
</errors>
</robot>
