<?xml version="1.0" encoding="UTF-8"?>
<robot generator="Robot 3.2.2 (Python 3.8.6rc1 on win32)" generated="20201019 18:10:15.473" rpa="false">
<suite id="s1" name="Practise" source="C:\Users\vatty\Desktop\Interview Preparation\RobotAutomation\TestCases\Practise.robot">
<test id="s1-t1" name="testcase1">
<kw name="Start Browser and Maximize" library="UserDefined_Keywords" type="setup">
<doc>This Keyword is defined to merge the Open Browser and Maximize Browser</doc>
<kw name="Open Browser" library="SeleniumLibrary">
<doc>Opens a new browser instance to the optional ``url``.</doc>
<arguments>
<arg>${URL}</arg>
<arg>${Browser}</arg>
</arguments>
<msg timestamp="20201019 18:10:15.669" level="INFO">Opening browser 'Firefox' to base url 'https://www.thetestingworld.com/testings/'.</msg>
<msg timestamp="20201019 18:10:15.670" level="INFO">Firefox driver log is always forced to to: C:\Users\vatty\Desktop\Interview Preparation\RobotAutomation\TestCases\geckodriver-2.log</msg>
<status status="PASS" starttime="20201019 18:10:15.669" endtime="20201019 18:10:22.525"></status>
</kw>
<kw name="Maximize Browser Window" library="SeleniumLibrary">
<doc>Maximizes current browser window.</doc>
<status status="PASS" starttime="20201019 18:10:22.525" endtime="20201019 18:10:22.529"></status>
</kw>
<kw name="Get Title" library="SeleniumLibrary">
<doc>Returns the title of the current page.</doc>
<assign>
<var>${PageTitle}</var>
</assign>
<msg timestamp="20201019 18:10:22.540" level="INFO">${PageTitle} = Login &amp; Sign Up Forms</msg>
<status status="PASS" starttime="20201019 18:10:22.529" endtime="20201019 18:10:22.540"></status>
</kw>
<status status="PASS" starttime="20201019 18:10:15.668" endtime="20201019 18:10:22.541"></status>
</kw>
<kw name="Create Folder At Runtime" library="UserDefined_Keywords">
<kw name="Log" library="BuiltIn">
<doc>Logs the given message with the given level.</doc>
<arguments>
<arg>Creating a Folder and subFolder</arg>
</arguments>
<msg timestamp="20201019 18:10:22.542" level="INFO">Creating a Folder and subFolder</msg>
<status status="PASS" starttime="20201019 18:10:22.542" endtime="20201019 18:10:22.543"></status>
</kw>
<kw name="Create Folder" library="UserKeywords">
<status status="PASS" starttime="20201019 18:10:22.543" endtime="20201019 18:10:22.544"></status>
</kw>
<kw name="Create Sub Folder" library="UserKeywords">
<status status="PASS" starttime="20201019 18:10:22.544" endtime="20201019 18:10:22.545"></status>
</kw>
<status status="PASS" starttime="20201019 18:10:22.542" endtime="20201019 18:10:22.546"></status>
</kw>
<kw name="Close" library="UserDefined_Keywords" type="teardown">
<kw name="Get Title" library="SeleniumLibrary">
<doc>Returns the title of the current page.</doc>
<assign>
<var>${ttl}</var>
</assign>
<msg timestamp="20201019 18:10:22.554" level="INFO">${ttl} = Login &amp; Sign Up Forms</msg>
<status status="PASS" starttime="20201019 18:10:22.547" endtime="20201019 18:10:22.554"></status>
</kw>
<kw name="Log" library="BuiltIn">
<doc>Logs the given message with the given level.</doc>
<arguments>
<arg>${ttl}</arg>
</arguments>
<msg timestamp="20201019 18:10:22.555" level="INFO">Login &amp; Sign Up Forms</msg>
<status status="PASS" starttime="20201019 18:10:22.554" endtime="20201019 18:10:22.555"></status>
</kw>
<kw name="Close All Browsers" library="SeleniumLibrary">
<doc>Closes all open browsers and resets the browser cache.</doc>
<status status="PASS" starttime="20201019 18:10:22.555" endtime="20201019 18:10:23.260"></status>
</kw>
<status status="PASS" starttime="20201019 18:10:22.547" endtime="20201019 18:10:23.260"></status>
</kw>
<status status="PASS" starttime="20201019 18:10:15.667" endtime="20201019 18:10:23.261" critical="yes"></status>
</test>
<status status="PASS" starttime="20201019 18:10:15.475" endtime="20201019 18:10:23.262"></status>
</suite>
<statistics>
<total>
<stat pass="1" fail="0">Critical Tests</stat>
<stat pass="1" fail="0">All Tests</stat>
</total>
<tag>
</tag>
<suite>
<stat pass="1" fail="0" id="s1" name="Practise">Practise</stat>
</suite>
</statistics>
<errors>
</errors>
</robot>
